2021-12-20 09:05:57,588 [restartedMain] INFO  org.springframework.boot.devtools.env.DevToolsPropertyDefaultsPostProcessor(logTo:255) - Devtools property defaults active! Set 'spring.devtools.add-properties' to 'false' to disable
2021-12-20 09:05:57,597 [restartedMain] INFO  org.springframework.boot.devtools.env.DevToolsPropertyDefaultsPostProcessor(logTo:255) - For additional web related logging consider setting the 'logging.level.web' property to 'DEBUG'
2021-12-20 09:05:58,855 [restartedMain] INFO  org.springframework.data.repository.config.RepositoryConfigurationDelegate(registerRepositoriesIn:132) - Bootstrapping Spring Data JPA repositories in DEFAULT mode.
2021-12-20 09:05:58,972 [restartedMain] INFO  org.springframework.data.repository.config.RepositoryConfigurationDelegate(registerRepositoriesIn:201) - Finished Spring Data repository scanning in 109 ms. Found 1 JPA repository interfaces.
2021-12-20 09:05:59,371 [restartedMain] INFO  org.springframework.cloud.context.scope.GenericScope(setSerializationId:283) - BeanFactory id=0523cfa4-4fb7-39bc-930f-22c4a381da7f
2021-12-20 09:06:00,475 [restartedMain] INFO  org.springframework.boot.web.embedded.tomcat.TomcatWebServer(initialize:108) - Tomcat initialized with port(s): 8080 (http)
2021-12-20 09:06:01,195 [restartedMain] INFO  org.springframework.boot.web.servlet.context.ServletWebServerApplicationContext(prepareWebApplicationContext:290) - Root WebApplicationContext: initialization completed in 3597 ms
2021-12-20 09:06:02,939 [restartedMain] INFO  org.springframework.orm.jpa.LocalContainerEntityManagerFactoryBean(buildNativeEntityManagerFactory:437) - Initialized JPA EntityManagerFactory for persistence unit 'default'
2021-12-20 09:06:03,959 [restartedMain] INFO  org.springframework.security.web.DefaultSecurityFilterChain(<init>:51) - Will secure any request with [org.springframework.security.web.context.request.async.WebAsyncManagerIntegrationFilter@4c422276, org.springframework.security.web.context.SecurityContextPersistenceFilter@40485b48, org.springframework.security.web.header.HeaderWriterFilter@69136139, org.springframework.web.filter.CorsFilter@489de1a6, org.springframework.security.web.authentication.logout.LogoutFilter@239e522e, com.example.auth.util.JwtAuthenticationFilter@5459051c, org.springframework.security.web.savedrequest.RequestCacheAwareFilter@7432625a, org.springframework.security.web.servletapi.SecurityContextHolderAwareRequestFilter@61235c74, org.springframework.security.web.authentication.AnonymousAuthenticationFilter@606d04bb, org.springframework.security.web.session.SessionManagementFilter@6e39e5b, org.springframework.security.web.access.ExceptionTranslationFilter@7e6eee7d, org.springframework.security.web.access.intercept.FilterSecurityInterceptor@7dc9181e]
2021-12-20 09:06:04,033 [restartedMain] WARN  org.springframework.boot.devtools.autoconfigure.OptionalLiveReloadServer(startServer:61) - Unable to start LiveReload server
2021-12-20 09:06:06,133 [restartedMain] INFO  org.springframework.cloud.commons.util.InetUtils(convertAddress:170) - Cannot determine local hostname
2021-12-20 09:06:06,190 [restartedMain] INFO  org.springframework.cloud.netflix.eureka.config.DiscoveryClientOptionalArgsConfiguration(discoveryClientOptionalArgs:87) - Eureka HTTP Client uses Jersey
2021-12-20 09:06:08,289 [restartedMain] INFO  org.springframework.cloud.commons.util.InetUtils(convertAddress:170) - Cannot determine local hostname
2021-12-20 09:06:08,363 [restartedMain] WARN  org.springframework.cloud.loadbalancer.config.LoadBalancerCacheAutoConfiguration$LoadBalancerCaffeineWarnLogger(logWarning:82) - Spring Cloud LoadBalancer is currently working with the default cache. You can switch to using Caffeine cache, by adding it and org.springframework.cache.caffeine.CaffeineCacheManager to the classpath.
2021-12-20 09:06:08,437 [restartedMain] INFO  org.springframework.cloud.netflix.eureka.InstanceInfoFactory(create:67) - Setting initial instance status as: STARTING
2021-12-20 09:06:09,179 [restartedMain] INFO  org.springframework.cloud.netflix.eureka.serviceregistry.EurekaServiceRegistry(register:41) - Registering application AUTH with eureka with status UP
2021-12-20 09:06:09,222 [restartedMain] INFO  org.springframework.boot.web.embedded.tomcat.TomcatWebServer(start:220) - Tomcat started on port(s): 8080 (http) with context path ''
2021-12-20 09:06:09,225 [restartedMain] INFO  org.springframework.cloud.netflix.eureka.serviceregistry.EurekaAutoServiceRegistration(onApplicationEvent:144) - Updating port to 8080
2021-12-20 09:06:11,570 [restartedMain] INFO  org.springframework.cloud.commons.util.InetUtils(convertAddress:170) - Cannot determine local hostname
2021-12-20 09:07:05,490 [http-nio-8080-exec-1] INFO  org.springframework.web.servlet.DispatcherServlet(initServletBean:525) - Initializing Servlet 'dispatcherServlet'
2021-12-20 09:07:05,491 [http-nio-8080-exec-1] INFO  org.springframework.web.servlet.DispatcherServlet(initServletBean:547) - Completed initialization in 1 ms
2021-12-20 09:08:56,557 [SpringApplicationShutdownHook] INFO  org.springframework.cloud.netflix.eureka.serviceregistry.EurekaServiceRegistry(deregister:62) - Unregistering application AUTH with eureka with status DOWN
2021-12-20 09:08:57,452 [SpringApplicationShutdownHook] INFO  org.springframework.orm.jpa.LocalContainerEntityManagerFactoryBean(destroy:651) - Closing JPA EntityManagerFactory for persistence unit 'default'
2021-12-20 09:09:13,482 [restartedMain] INFO  org.springframework.boot.devtools.env.DevToolsPropertyDefaultsPostProcessor(logTo:255) - Devtools property defaults active! Set 'spring.devtools.add-properties' to 'false' to disable
2021-12-20 09:09:13,487 [restartedMain] INFO  org.springframework.boot.devtools.env.DevToolsPropertyDefaultsPostProcessor(logTo:255) - For additional web related logging consider setting the 'logging.level.web' property to 'DEBUG'
2021-12-20 09:09:14,399 [restartedMain] INFO  org.springframework.data.repository.config.RepositoryConfigurationDelegate(registerRepositoriesIn:132) - Bootstrapping Spring Data JPA repositories in DEFAULT mode.
2021-12-20 09:09:14,476 [restartedMain] INFO  org.springframework.data.repository.config.RepositoryConfigurationDelegate(registerRepositoriesIn:201) - Finished Spring Data repository scanning in 70 ms. Found 1 JPA repository interfaces.
2021-12-20 09:09:14,779 [restartedMain] INFO  org.springframework.cloud.context.scope.GenericScope(setSerializationId:283) - BeanFactory id=0523cfa4-4fb7-39bc-930f-22c4a381da7f
2021-12-20 09:09:15,438 [restartedMain] INFO  org.springframework.boot.web.embedded.tomcat.TomcatWebServer(initialize:108) - Tomcat initialized with port(s): 8080 (http)
2021-12-20 09:09:16,015 [restartedMain] INFO  org.springframework.boot.web.servlet.context.ServletWebServerApplicationContext(prepareWebApplicationContext:290) - Root WebApplicationContext: initialization completed in 2527 ms
2021-12-20 09:09:17,618 [restartedMain] INFO  org.springframework.orm.jpa.LocalContainerEntityManagerFactoryBean(buildNativeEntityManagerFactory:437) - Initialized JPA EntityManagerFactory for persistence unit 'default'
2021-12-20 09:09:18,556 [restartedMain] INFO  org.springframework.security.web.DefaultSecurityFilterChain(<init>:51) - Will secure any request with [org.springframework.security.web.context.request.async.WebAsyncManagerIntegrationFilter@143005ee, org.springframework.security.web.context.SecurityContextPersistenceFilter@2c09b12, org.springframework.security.web.header.HeaderWriterFilter@594b9d3d, org.springframework.web.filter.CorsFilter@48aa6336, org.springframework.security.web.authentication.logout.LogoutFilter@7ac287cb, com.example.auth.util.JwtAuthenticationFilter@5e4cda07, org.springframework.security.web.savedrequest.RequestCacheAwareFilter@46cf4a3, org.springframework.security.web.servletapi.SecurityContextHolderAwareRequestFilter@40fd664c, org.springframework.security.web.authentication.AnonymousAuthenticationFilter@5ae528f1, org.springframework.security.web.session.SessionManagementFilter@52c9e7e9, org.springframework.security.web.access.ExceptionTranslationFilter@2bfe1548, org.springframework.security.web.access.intercept.FilterSecurityInterceptor@7502eb7b]
2021-12-20 09:09:18,637 [restartedMain] WARN  org.springframework.boot.devtools.autoconfigure.OptionalLiveReloadServer(startServer:61) - Unable to start LiveReload server
2021-12-20 09:09:20,676 [restartedMain] INFO  org.springframework.cloud.commons.util.InetUtils(convertAddress:170) - Cannot determine local hostname
2021-12-20 09:09:20,714 [restartedMain] INFO  org.springframework.cloud.netflix.eureka.config.DiscoveryClientOptionalArgsConfiguration(discoveryClientOptionalArgs:87) - Eureka HTTP Client uses Jersey
2021-12-20 09:09:22,916 [restartedMain] INFO  org.springframework.cloud.commons.util.InetUtils(convertAddress:170) - Cannot determine local hostname
2021-12-20 09:09:22,993 [restartedMain] WARN  org.springframework.cloud.loadbalancer.config.LoadBalancerCacheAutoConfiguration$LoadBalancerCaffeineWarnLogger(logWarning:82) - Spring Cloud LoadBalancer is currently working with the default cache. You can switch to using Caffeine cache, by adding it and org.springframework.cache.caffeine.CaffeineCacheManager to the classpath.
2021-12-20 09:09:23,060 [restartedMain] INFO  org.springframework.cloud.netflix.eureka.InstanceInfoFactory(create:67) - Setting initial instance status as: STARTING
2021-12-20 09:09:23,680 [restartedMain] INFO  org.springframework.cloud.netflix.eureka.serviceregistry.EurekaServiceRegistry(register:41) - Registering application AUTH with eureka with status UP
2021-12-20 09:09:23,710 [restartedMain] INFO  org.springframework.boot.web.embedded.tomcat.TomcatWebServer(start:220) - Tomcat started on port(s): 8080 (http) with context path ''
2021-12-20 09:09:23,711 [restartedMain] INFO  org.springframework.cloud.netflix.eureka.serviceregistry.EurekaAutoServiceRegistration(onApplicationEvent:144) - Updating port to 8080
2021-12-20 09:09:25,825 [restartedMain] INFO  org.springframework.cloud.commons.util.InetUtils(convertAddress:170) - Cannot determine local hostname
2021-12-20 09:09:38,825 [http-nio-8080-exec-1] INFO  org.springframework.web.servlet.DispatcherServlet(initServletBean:525) - Initializing Servlet 'dispatcherServlet'
2021-12-20 09:09:38,827 [http-nio-8080-exec-1] INFO  org.springframework.web.servlet.DispatcherServlet(initServletBean:547) - Completed initialization in 1 ms
2021-12-20 09:27:02,058 [SpringApplicationShutdownHook] INFO  org.springframework.cloud.netflix.eureka.serviceregistry.EurekaServiceRegistry(deregister:62) - Unregistering application AUTH with eureka with status DOWN
2021-12-20 09:27:03,304 [SpringApplicationShutdownHook] INFO  org.springframework.orm.jpa.LocalContainerEntityManagerFactoryBean(destroy:651) - Closing JPA EntityManagerFactory for persistence unit 'default'
2021-12-20 09:27:28,551 [restartedMain] INFO  org.springframework.boot.devtools.env.DevToolsPropertyDefaultsPostProcessor(logTo:255) - Devtools property defaults active! Set 'spring.devtools.add-properties' to 'false' to disable
2021-12-20 09:27:28,559 [restartedMain] INFO  org.springframework.boot.devtools.env.DevToolsPropertyDefaultsPostProcessor(logTo:255) - For additional web related logging consider setting the 'logging.level.web' property to 'DEBUG'
2021-12-20 09:27:29,547 [restartedMain] INFO  org.springframework.data.repository.config.RepositoryConfigurationDelegate(registerRepositoriesIn:132) - Bootstrapping Spring Data JPA repositories in DEFAULT mode.
2021-12-20 09:27:29,670 [restartedMain] INFO  org.springframework.data.repository.config.RepositoryConfigurationDelegate(registerRepositoriesIn:201) - Finished Spring Data repository scanning in 112 ms. Found 1 JPA repository interfaces.
2021-12-20 09:27:29,999 [restartedMain] INFO  org.springframework.cloud.context.scope.GenericScope(setSerializationId:283) - BeanFactory id=0523cfa4-4fb7-39bc-930f-22c4a381da7f
2021-12-20 09:27:30,684 [restartedMain] INFO  org.springframework.boot.web.embedded.tomcat.TomcatWebServer(initialize:108) - Tomcat initialized with port(s): 8080 (http)
2021-12-20 09:27:31,281 [restartedMain] INFO  org.springframework.boot.web.servlet.context.ServletWebServerApplicationContext(prepareWebApplicationContext:290) - Root WebApplicationContext: initialization completed in 2721 ms
2021-12-20 09:27:32,889 [restartedMain] INFO  org.springframework.orm.jpa.LocalContainerEntityManagerFactoryBean(buildNativeEntityManagerFactory:437) - Initialized JPA EntityManagerFactory for persistence unit 'default'
2021-12-20 09:27:33,823 [restartedMain] INFO  org.springframework.security.web.DefaultSecurityFilterChain(<init>:51) - Will secure any request with [org.springframework.security.web.context.request.async.WebAsyncManagerIntegrationFilter@6093703e, org.springframework.security.web.context.SecurityContextPersistenceFilter@1b0c4b81, org.springframework.security.web.header.HeaderWriterFilter@69f64766, org.springframework.web.filter.CorsFilter@6b80d341, org.springframework.security.web.authentication.logout.LogoutFilter@4279281c, com.example.auth.util.JwtAuthenticationFilter@493c9ab5, org.springframework.security.web.savedrequest.RequestCacheAwareFilter@a884e9c, org.springframework.security.web.servletapi.SecurityContextHolderAwareRequestFilter@3907534, org.springframework.security.web.authentication.AnonymousAuthenticationFilter@679cb119, org.springframework.security.web.session.SessionManagementFilter@52780ea9, org.springframework.security.web.access.ExceptionTranslationFilter@766a5363, org.springframework.security.web.access.intercept.FilterSecurityInterceptor@3bc86d77]
2021-12-20 09:27:33,895 [restartedMain] WARN  org.springframework.boot.devtools.autoconfigure.OptionalLiveReloadServer(startServer:61) - Unable to start LiveReload server
2021-12-20 09:27:35,901 [restartedMain] INFO  org.springframework.cloud.commons.util.InetUtils(convertAddress:170) - Cannot determine local hostname
2021-12-20 09:27:35,944 [restartedMain] INFO  org.springframework.cloud.netflix.eureka.config.DiscoveryClientOptionalArgsConfiguration(discoveryClientOptionalArgs:87) - Eureka HTTP Client uses Jersey
2021-12-20 09:27:38,009 [restartedMain] INFO  org.springframework.cloud.commons.util.InetUtils(convertAddress:170) - Cannot determine local hostname
2021-12-20 09:27:38,085 [restartedMain] WARN  org.springframework.cloud.loadbalancer.config.LoadBalancerCacheAutoConfiguration$LoadBalancerCaffeineWarnLogger(logWarning:82) - Spring Cloud LoadBalancer is currently working with the default cache. You can switch to using Caffeine cache, by adding it and org.springframework.cache.caffeine.CaffeineCacheManager to the classpath.
2021-12-20 09:27:38,175 [restartedMain] INFO  org.springframework.cloud.netflix.eureka.InstanceInfoFactory(create:67) - Setting initial instance status as: STARTING
2021-12-20 09:27:38,900 [restartedMain] INFO  org.springframework.cloud.netflix.eureka.serviceregistry.EurekaServiceRegistry(register:41) - Registering application AUTH with eureka with status UP
2021-12-20 09:27:38,934 [restartedMain] INFO  org.springframework.boot.web.embedded.tomcat.TomcatWebServer(start:220) - Tomcat started on port(s): 8080 (http) with context path ''
2021-12-20 09:27:38,935 [restartedMain] INFO  org.springframework.cloud.netflix.eureka.serviceregistry.EurekaAutoServiceRegistration(onApplicationEvent:144) - Updating port to 8080
2021-12-20 09:27:41,033 [restartedMain] INFO  org.springframework.cloud.commons.util.InetUtils(convertAddress:170) - Cannot determine local hostname
2021-12-20 09:27:53,009 [http-nio-8080-exec-1] INFO  org.springframework.web.servlet.DispatcherServlet(initServletBean:525) - Initializing Servlet 'dispatcherServlet'
2021-12-20 09:27:53,012 [http-nio-8080-exec-1] INFO  org.springframework.web.servlet.DispatcherServlet(initServletBean:547) - Completed initialization in 2 ms
2021-12-20 09:30:45,205 [SpringApplicationShutdownHook] INFO  org.springframework.cloud.netflix.eureka.serviceregistry.EurekaServiceRegistry(deregister:62) - Unregistering application AUTH with eureka with status DOWN
2021-12-20 09:30:46,849 [SpringApplicationShutdownHook] INFO  org.springframework.orm.jpa.LocalContainerEntityManagerFactoryBean(destroy:651) - Closing JPA EntityManagerFactory for persistence unit 'default'
2021-12-20 09:31:11,065 [restartedMain] INFO  org.springframework.boot.devtools.env.DevToolsPropertyDefaultsPostProcessor(logTo:255) - Devtools property defaults active! Set 'spring.devtools.add-properties' to 'false' to disable
2021-12-20 09:31:11,070 [restartedMain] INFO  org.springframework.boot.devtools.env.DevToolsPropertyDefaultsPostProcessor(logTo:255) - For additional web related logging consider setting the 'logging.level.web' property to 'DEBUG'
2021-12-20 09:31:11,975 [restartedMain] INFO  org.springframework.data.repository.config.RepositoryConfigurationDelegate(registerRepositoriesIn:132) - Bootstrapping Spring Data JPA repositories in DEFAULT mode.
2021-12-20 09:31:12,057 [restartedMain] INFO  org.springframework.data.repository.config.RepositoryConfigurationDelegate(registerRepositoriesIn:201) - Finished Spring Data repository scanning in 75 ms. Found 1 JPA repository interfaces.
2021-12-20 09:31:12,364 [restartedMain] INFO  org.springframework.cloud.context.scope.GenericScope(setSerializationId:283) - BeanFactory id=0523cfa4-4fb7-39bc-930f-22c4a381da7f
2021-12-20 09:31:13,048 [restartedMain] INFO  org.springframework.boot.web.embedded.tomcat.TomcatWebServer(initialize:108) - Tomcat initialized with port(s): 8080 (http)
2021-12-20 09:31:13,615 [restartedMain] INFO  org.springframework.boot.web.servlet.context.ServletWebServerApplicationContext(prepareWebApplicationContext:290) - Root WebApplicationContext: initialization completed in 2545 ms
2021-12-20 09:31:15,208 [restartedMain] INFO  org.springframework.orm.jpa.LocalContainerEntityManagerFactoryBean(buildNativeEntityManagerFactory:437) - Initialized JPA EntityManagerFactory for persistence unit 'default'
2021-12-20 09:31:16,069 [restartedMain] INFO  org.springframework.security.web.DefaultSecurityFilterChain(<init>:51) - Will secure any request with [org.springframework.security.web.context.request.async.WebAsyncManagerIntegrationFilter@681e6ae5, org.springframework.security.web.context.SecurityContextPersistenceFilter@4555365f, org.springframework.security.web.header.HeaderWriterFilter@55b8037e, org.springframework.web.filter.CorsFilter@552bc6e6, org.springframework.security.web.authentication.logout.LogoutFilter@5db5a92d, com.example.auth.util.JwtAuthenticationFilter@542a6873, org.springframework.security.web.savedrequest.RequestCacheAwareFilter@644080df, org.springframework.security.web.servletapi.SecurityContextHolderAwareRequestFilter@23bc68a5, org.springframework.security.web.authentication.AnonymousAuthenticationFilter@4a79f123, org.springframework.security.web.session.SessionManagementFilter@661547a3, org.springframework.security.web.access.ExceptionTranslationFilter@77d5383e, org.springframework.security.web.access.intercept.FilterSecurityInterceptor@3b419b3b]
2021-12-20 09:31:16,147 [restartedMain] WARN  org.springframework.boot.devtools.autoconfigure.OptionalLiveReloadServer(startServer:61) - Unable to start LiveReload server
2021-12-20 09:31:18,113 [restartedMain] INFO  org.springframework.cloud.commons.util.InetUtils(convertAddress:170) - Cannot determine local hostname
2021-12-20 09:31:18,153 [restartedMain] INFO  org.springframework.cloud.netflix.eureka.config.DiscoveryClientOptionalArgsConfiguration(discoveryClientOptionalArgs:87) - Eureka HTTP Client uses Jersey
2021-12-20 09:31:20,186 [restartedMain] INFO  org.springframework.cloud.commons.util.InetUtils(convertAddress:170) - Cannot determine local hostname
2021-12-20 09:31:20,256 [restartedMain] WARN  org.springframework.cloud.loadbalancer.config.LoadBalancerCacheAutoConfiguration$LoadBalancerCaffeineWarnLogger(logWarning:82) - Spring Cloud LoadBalancer is currently working with the default cache. You can switch to using Caffeine cache, by adding it and org.springframework.cache.caffeine.CaffeineCacheManager to the classpath.
2021-12-20 09:31:20,338 [restartedMain] INFO  org.springframework.cloud.netflix.eureka.InstanceInfoFactory(create:67) - Setting initial instance status as: STARTING
2021-12-20 09:31:20,965 [restartedMain] INFO  org.springframework.cloud.netflix.eureka.serviceregistry.EurekaServiceRegistry(register:41) - Registering application AUTH with eureka with status UP
2021-12-20 09:31:20,996 [restartedMain] INFO  org.springframework.boot.web.embedded.tomcat.TomcatWebServer(start:220) - Tomcat started on port(s): 8080 (http) with context path ''
2021-12-20 09:31:20,997 [restartedMain] INFO  org.springframework.cloud.netflix.eureka.serviceregistry.EurekaAutoServiceRegistration(onApplicationEvent:144) - Updating port to 8080
2021-12-20 09:31:23,008 [restartedMain] INFO  org.springframework.cloud.commons.util.InetUtils(convertAddress:170) - Cannot determine local hostname
2021-12-20 09:35:59,554 [http-nio-8080-exec-1] INFO  org.springframework.web.servlet.DispatcherServlet(initServletBean:525) - Initializing Servlet 'dispatcherServlet'
2021-12-20 09:35:59,571 [http-nio-8080-exec-1] INFO  org.springframework.web.servlet.DispatcherServlet(initServletBean:547) - Completed initialization in 16 ms
2021-12-20 09:38:23,013 [SpringApplicationShutdownHook] INFO  org.springframework.cloud.netflix.eureka.serviceregistry.EurekaServiceRegistry(deregister:62) - Unregistering application AUTH with eureka with status DOWN
2021-12-20 09:38:24,087 [SpringApplicationShutdownHook] INFO  org.springframework.orm.jpa.LocalContainerEntityManagerFactoryBean(destroy:651) - Closing JPA EntityManagerFactory for persistence unit 'default'
2021-12-20 09:38:47,961 [restartedMain] INFO  org.springframework.boot.devtools.env.DevToolsPropertyDefaultsPostProcessor(logTo:255) - Devtools property defaults active! Set 'spring.devtools.add-properties' to 'false' to disable
2021-12-20 09:38:47,965 [restartedMain] INFO  org.springframework.boot.devtools.env.DevToolsPropertyDefaultsPostProcessor(logTo:255) - For additional web related logging consider setting the 'logging.level.web' property to 'DEBUG'
2021-12-20 09:38:48,959 [restartedMain] INFO  org.springframework.data.repository.config.RepositoryConfigurationDelegate(registerRepositoriesIn:132) - Bootstrapping Spring Data JPA repositories in DEFAULT mode.
2021-12-20 09:38:49,044 [restartedMain] INFO  org.springframework.data.repository.config.RepositoryConfigurationDelegate(registerRepositoriesIn:201) - Finished Spring Data repository scanning in 76 ms. Found 1 JPA repository interfaces.
2021-12-20 09:38:49,379 [restartedMain] INFO  org.springframework.cloud.context.scope.GenericScope(setSerializationId:283) - BeanFactory id=0523cfa4-4fb7-39bc-930f-22c4a381da7f
2021-12-20 09:38:50,074 [restartedMain] INFO  org.springframework.boot.web.embedded.tomcat.TomcatWebServer(initialize:108) - Tomcat initialized with port(s): 8080 (http)
2021-12-20 09:38:50,757 [restartedMain] INFO  org.springframework.boot.web.servlet.context.ServletWebServerApplicationContext(prepareWebApplicationContext:290) - Root WebApplicationContext: initialization completed in 2791 ms
2021-12-20 09:38:52,808 [restartedMain] INFO  org.springframework.orm.jpa.LocalContainerEntityManagerFactoryBean(buildNativeEntityManagerFactory:437) - Initialized JPA EntityManagerFactory for persistence unit 'default'
2021-12-20 09:38:53,876 [restartedMain] INFO  org.springframework.security.web.DefaultSecurityFilterChain(<init>:51) - Will secure any request with [org.springframework.security.web.context.request.async.WebAsyncManagerIntegrationFilter@6036e11b, org.springframework.security.web.context.SecurityContextPersistenceFilter@6296b838, org.springframework.security.web.header.HeaderWriterFilter@4b3cbde0, org.springframework.web.filter.CorsFilter@2ba6fc50, org.springframework.security.web.authentication.logout.LogoutFilter@20ba7759, com.example.auth.util.JwtAuthenticationFilter@5ac3412f, org.springframework.security.web.savedrequest.RequestCacheAwareFilter@610c753f, org.springframework.security.web.servletapi.SecurityContextHolderAwareRequestFilter@65f87152, org.springframework.security.web.authentication.AnonymousAuthenticationFilter@637ce294, org.springframework.security.web.session.SessionManagementFilter@2ac848e6, org.springframework.security.web.access.ExceptionTranslationFilter@77a4a9ee, org.springframework.security.web.access.intercept.FilterSecurityInterceptor@566bc021]
2021-12-20 09:38:53,953 [restartedMain] WARN  org.springframework.boot.devtools.autoconfigure.OptionalLiveReloadServer(startServer:61) - Unable to start LiveReload server
2021-12-20 09:38:56,309 [restartedMain] INFO  org.springframework.cloud.commons.util.InetUtils(convertAddress:170) - Cannot determine local hostname
2021-12-20 09:38:56,350 [restartedMain] INFO  org.springframework.cloud.netflix.eureka.config.DiscoveryClientOptionalArgsConfiguration(discoveryClientOptionalArgs:87) - Eureka HTTP Client uses Jersey
2021-12-20 09:38:58,752 [restartedMain] INFO  org.springframework.cloud.commons.util.InetUtils(convertAddress:170) - Cannot determine local hostname
2021-12-20 09:38:58,818 [restartedMain] WARN  org.springframework.cloud.loadbalancer.config.LoadBalancerCacheAutoConfiguration$LoadBalancerCaffeineWarnLogger(logWarning:82) - Spring Cloud LoadBalancer is currently working with the default cache. You can switch to using Caffeine cache, by adding it and org.springframework.cache.caffeine.CaffeineCacheManager to the classpath.
2021-12-20 09:38:58,893 [restartedMain] INFO  org.springframework.cloud.netflix.eureka.InstanceInfoFactory(create:67) - Setting initial instance status as: STARTING
2021-12-20 09:38:59,511 [restartedMain] INFO  org.springframework.cloud.netflix.eureka.serviceregistry.EurekaServiceRegistry(register:41) - Registering application AUTH with eureka with status UP
2021-12-20 09:38:59,547 [restartedMain] INFO  org.springframework.boot.web.embedded.tomcat.TomcatWebServer(start:220) - Tomcat started on port(s): 8080 (http) with context path ''
2021-12-20 09:38:59,548 [restartedMain] INFO  org.springframework.cloud.netflix.eureka.serviceregistry.EurekaAutoServiceRegistration(onApplicationEvent:144) - Updating port to 8080
2021-12-20 09:39:01,567 [restartedMain] INFO  org.springframework.cloud.commons.util.InetUtils(convertAddress:170) - Cannot determine local hostname
2021-12-20 09:39:08,528 [http-nio-8080-exec-1] INFO  org.springframework.web.servlet.DispatcherServlet(initServletBean:525) - Initializing Servlet 'dispatcherServlet'
2021-12-20 09:39:08,531 [http-nio-8080-exec-1] INFO  org.springframework.web.servlet.DispatcherServlet(initServletBean:547) - Completed initialization in 3 ms
