2021-12-20 10:38:24,275 [SpringApplicationShutdownHook] INFO  org.springframework.cloud.netflix.eureka.serviceregistry.EurekaServiceRegistry(deregister:62) - Unregistering application AUTH with eureka with status DOWN
2021-12-20 10:38:27,058 [SpringApplicationShutdownHook] INFO  org.springframework.orm.jpa.LocalContainerEntityManagerFactoryBean(destroy:651) - Closing JPA EntityManagerFactory for persistence unit 'default'
2021-12-20 10:39:15,232 [restartedMain] INFO  org.springframework.boot.devtools.env.DevToolsPropertyDefaultsPostProcessor(logTo:255) - Devtools property defaults active! Set 'spring.devtools.add-properties' to 'false' to disable
2021-12-20 10:39:15,247 [restartedMain] INFO  org.springframework.boot.devtools.env.DevToolsPropertyDefaultsPostProcessor(logTo:255) - For additional web related logging consider setting the 'logging.level.web' property to 'DEBUG'
2021-12-20 10:39:17,062 [restartedMain] INFO  org.springframework.data.repository.config.RepositoryConfigurationDelegate(registerRepositoriesIn:132) - Bootstrapping Spring Data JPA repositories in DEFAULT mode.
2021-12-20 10:39:17,243 [restartedMain] INFO  org.springframework.data.repository.config.RepositoryConfigurationDelegate(registerRepositoriesIn:201) - Finished Spring Data repository scanning in 165 ms. Found 1 JPA repository interfaces.
2021-12-20 10:39:17,877 [restartedMain] INFO  org.springframework.cloud.context.scope.GenericScope(setSerializationId:283) - BeanFactory id=0523cfa4-4fb7-39bc-930f-22c4a381da7f
2021-12-20 10:39:19,023 [restartedMain] INFO  org.springframework.boot.web.embedded.tomcat.TomcatWebServer(initialize:108) - Tomcat initialized with port(s): 8080 (http)
2021-12-20 10:39:20,077 [restartedMain] INFO  org.springframework.boot.web.servlet.context.ServletWebServerApplicationContext(prepareWebApplicationContext:290) - Root WebApplicationContext: initialization completed in 4828 ms
2021-12-20 10:39:22,682 [restartedMain] INFO  org.springframework.orm.jpa.LocalContainerEntityManagerFactoryBean(buildNativeEntityManagerFactory:437) - Initialized JPA EntityManagerFactory for persistence unit 'default'
2021-12-20 10:39:24,013 [restartedMain] INFO  org.springframework.security.web.DefaultSecurityFilterChain(<init>:51) - Will secure any request with [org.springframework.security.web.context.request.async.WebAsyncManagerIntegrationFilter@6362e8ce, org.springframework.security.web.context.SecurityContextPersistenceFilter@2c020305, org.springframework.security.web.header.HeaderWriterFilter@1001e768, org.springframework.web.filter.CorsFilter@5950e597, org.springframework.security.web.authentication.logout.LogoutFilter@7976bcdb, com.example.auth.util.JwtAuthenticationFilter@56062a2a, org.springframework.security.web.savedrequest.RequestCacheAwareFilter@61fd472a, org.springframework.security.web.servletapi.SecurityContextHolderAwareRequestFilter@7a435740, org.springframework.security.web.authentication.AnonymousAuthenticationFilter@d662815, org.springframework.security.web.session.SessionManagementFilter@5b1f1ee1, org.springframework.security.web.access.ExceptionTranslationFilter@466189a6, org.springframework.security.web.access.intercept.FilterSecurityInterceptor@5ce0bad]
2021-12-20 10:39:24,123 [restartedMain] WARN  org.springframework.boot.devtools.autoconfigure.OptionalLiveReloadServer(startServer:61) - Unable to start LiveReload server
2021-12-20 10:39:26,832 [restartedMain] INFO  org.springframework.cloud.commons.util.InetUtils(convertAddress:170) - Cannot determine local hostname
2021-12-20 10:39:26,890 [restartedMain] INFO  org.springframework.cloud.netflix.eureka.config.DiscoveryClientOptionalArgsConfiguration(discoveryClientOptionalArgs:87) - Eureka HTTP Client uses Jersey
2021-12-20 10:39:29,342 [restartedMain] INFO  org.springframework.cloud.commons.util.InetUtils(convertAddress:170) - Cannot determine local hostname
2021-12-20 10:39:29,459 [restartedMain] WARN  org.springframework.cloud.loadbalancer.config.LoadBalancerCacheAutoConfiguration$LoadBalancerCaffeineWarnLogger(logWarning:82) - Spring Cloud LoadBalancer is currently working with the default cache. You can switch to using Caffeine cache, by adding it and org.springframework.cache.caffeine.CaffeineCacheManager to the classpath.
2021-12-20 10:39:29,584 [restartedMain] INFO  org.springframework.cloud.netflix.eureka.InstanceInfoFactory(create:67) - Setting initial instance status as: STARTING
2021-12-20 10:39:30,529 [restartedMain] INFO  org.springframework.cloud.netflix.eureka.serviceregistry.EurekaServiceRegistry(register:41) - Registering application AUTH with eureka with status UP
2021-12-20 10:39:30,572 [restartedMain] INFO  org.springframework.boot.web.embedded.tomcat.TomcatWebServer(start:220) - Tomcat started on port(s): 8080 (http) with context path ''
2021-12-20 10:39:30,574 [restartedMain] INFO  org.springframework.cloud.netflix.eureka.serviceregistry.EurekaAutoServiceRegistration(onApplicationEvent:144) - Updating port to 8080
2021-12-20 10:39:33,032 [restartedMain] INFO  org.springframework.cloud.commons.util.InetUtils(convertAddress:170) - Cannot determine local hostname
2021-12-20 10:40:06,354 [http-nio-8080-exec-1] INFO  org.springframework.web.servlet.DispatcherServlet(initServletBean:525) - Initializing Servlet 'dispatcherServlet'
2021-12-20 10:40:06,368 [http-nio-8080-exec-1] INFO  org.springframework.web.servlet.DispatcherServlet(initServletBean:547) - Completed initialization in 13 ms
2021-12-20 10:43:55,808 [SpringApplicationShutdownHook] INFO  org.springframework.cloud.netflix.eureka.serviceregistry.EurekaServiceRegistry(deregister:62) - Unregistering application AUTH with eureka with status DOWN
2021-12-20 10:43:57,823 [SpringApplicationShutdownHook] INFO  org.springframework.orm.jpa.LocalContainerEntityManagerFactoryBean(destroy:651) - Closing JPA EntityManagerFactory for persistence unit 'default'
2021-12-20 10:44:36,985 [restartedMain] INFO  org.springframework.boot.devtools.env.DevToolsPropertyDefaultsPostProcessor(logTo:255) - Devtools property defaults active! Set 'spring.devtools.add-properties' to 'false' to disable
2021-12-20 10:44:37,001 [restartedMain] INFO  org.springframework.boot.devtools.env.DevToolsPropertyDefaultsPostProcessor(logTo:255) - For additional web related logging consider setting the 'logging.level.web' property to 'DEBUG'
2021-12-20 10:44:38,427 [restartedMain] INFO  org.springframework.data.repository.config.RepositoryConfigurationDelegate(registerRepositoriesIn:132) - Bootstrapping Spring Data JPA repositories in DEFAULT mode.
2021-12-20 10:44:38,558 [restartedMain] INFO  org.springframework.data.repository.config.RepositoryConfigurationDelegate(registerRepositoriesIn:201) - Finished Spring Data repository scanning in 121 ms. Found 1 JPA repository interfaces.
2021-12-20 10:44:39,041 [restartedMain] INFO  org.springframework.cloud.context.scope.GenericScope(setSerializationId:283) - BeanFactory id=0523cfa4-4fb7-39bc-930f-22c4a381da7f
2021-12-20 10:44:39,929 [restartedMain] INFO  org.springframework.boot.web.embedded.tomcat.TomcatWebServer(initialize:108) - Tomcat initialized with port(s): 8080 (http)
2021-12-20 10:44:40,678 [restartedMain] INFO  org.springframework.boot.web.servlet.context.ServletWebServerApplicationContext(prepareWebApplicationContext:290) - Root WebApplicationContext: initialization completed in 3674 ms
2021-12-20 10:44:42,945 [restartedMain] INFO  org.springframework.orm.jpa.LocalContainerEntityManagerFactoryBean(buildNativeEntityManagerFactory:437) - Initialized JPA EntityManagerFactory for persistence unit 'default'
2021-12-20 10:44:45,523 [restartedMain] INFO  org.springframework.security.web.DefaultSecurityFilterChain(<init>:51) - Will secure any request with [org.springframework.security.web.context.request.async.WebAsyncManagerIntegrationFilter@124e1912, org.springframework.security.web.context.SecurityContextPersistenceFilter@5e61167d, org.springframework.security.web.header.HeaderWriterFilter@358c50fd, org.springframework.web.filter.CorsFilter@2fc55c00, org.springframework.security.web.authentication.logout.LogoutFilter@1c1c6936, com.example.auth.util.JwtAuthenticationFilter@3859afd, org.springframework.security.web.savedrequest.RequestCacheAwareFilter@327975f5, org.springframework.security.web.servletapi.SecurityContextHolderAwareRequestFilter@4493651d, org.springframework.security.web.authentication.AnonymousAuthenticationFilter@1987fa39, org.springframework.security.web.session.SessionManagementFilter@5879169e, org.springframework.security.web.access.ExceptionTranslationFilter@178eae2b, org.springframework.security.web.access.intercept.FilterSecurityInterceptor@5cfb87be]
2021-12-20 10:44:45,666 [restartedMain] WARN  org.springframework.boot.devtools.autoconfigure.OptionalLiveReloadServer(startServer:61) - Unable to start LiveReload server
2021-12-20 10:44:49,504 [restartedMain] INFO  org.springframework.cloud.commons.util.InetUtils(convertAddress:170) - Cannot determine local hostname
2021-12-20 10:44:49,617 [restartedMain] INFO  org.springframework.cloud.netflix.eureka.config.DiscoveryClientOptionalArgsConfiguration(discoveryClientOptionalArgs:87) - Eureka HTTP Client uses Jersey
2021-12-20 10:44:52,528 [restartedMain] INFO  org.springframework.cloud.commons.util.InetUtils(convertAddress:170) - Cannot determine local hostname
2021-12-20 10:44:52,644 [restartedMain] WARN  org.springframework.cloud.loadbalancer.config.LoadBalancerCacheAutoConfiguration$LoadBalancerCaffeineWarnLogger(logWarning:82) - Spring Cloud LoadBalancer is currently working with the default cache. You can switch to using Caffeine cache, by adding it and org.springframework.cache.caffeine.CaffeineCacheManager to the classpath.
2021-12-20 10:44:52,765 [restartedMain] INFO  org.springframework.cloud.netflix.eureka.InstanceInfoFactory(create:67) - Setting initial instance status as: STARTING
2021-12-20 10:44:54,826 [restartedMain] INFO  org.springframework.cloud.netflix.eureka.serviceregistry.EurekaServiceRegistry(register:41) - Registering application AUTH with eureka with status UP
2021-12-20 10:44:54,907 [restartedMain] INFO  org.springframework.boot.web.embedded.tomcat.TomcatWebServer(start:220) - Tomcat started on port(s): 8080 (http) with context path ''
2021-12-20 10:44:54,910 [restartedMain] INFO  org.springframework.cloud.netflix.eureka.serviceregistry.EurekaAutoServiceRegistration(onApplicationEvent:144) - Updating port to 8080
2021-12-20 10:44:58,139 [restartedMain] INFO  org.springframework.cloud.commons.util.InetUtils(convertAddress:170) - Cannot determine local hostname
2021-12-20 10:45:01,537 [http-nio-8080-exec-1] INFO  org.springframework.web.servlet.DispatcherServlet(initServletBean:525) - Initializing Servlet 'dispatcherServlet'
2021-12-20 10:45:01,541 [http-nio-8080-exec-1] INFO  org.springframework.web.servlet.DispatcherServlet(initServletBean:547) - Completed initialization in 1 ms
2021-12-20 10:45:19,045 [SpringApplicationShutdownHook] INFO  org.springframework.cloud.netflix.eureka.serviceregistry.EurekaServiceRegistry(deregister:62) - Unregistering application AUTH with eureka with status DOWN
2021-12-20 10:45:22,106 [SpringApplicationShutdownHook] INFO  org.springframework.orm.jpa.LocalContainerEntityManagerFactoryBean(destroy:651) - Closing JPA EntityManagerFactory for persistence unit 'default'
